


ARM Macro Assembler    Page 1 


    1 00000000         ; <<< Use Configuration Wizard in Context Menu >>>
    2 00000000         ;*******************************************************
                       ***********************
    3 00000000         ;
    4 00000000         ; Startup.s - Startup code for Stellaris.
    5 00000000         ;
    6 00000000         ; Copyright (c) 2011 Texas Instruments Incorporated.  Al
                       l rights reserved.
    7 00000000         ; Software License Agreement
    8 00000000         ; 
    9 00000000         ; Texas Instruments (TI) is supplying this software for 
                       use solely and
   10 00000000         ; exclusively on TI's microcontroller products. The soft
                       ware is owned by
   11 00000000         ; TI and/or its suppliers, and is protected under applic
                       able copyright
   12 00000000         ; laws. You may not combine this software with "viral" o
                       pen-source
   13 00000000         ; software in order to form a larger program.
   14 00000000         ; 
   15 00000000         ; THIS SOFTWARE IS PROVIDED "AS IS" AND WITH ALL FAULTS.
                       
   16 00000000         ; NO WARRANTIES, WHETHER EXPRESS, IMPLIED OR STATUTORY, 
                       INCLUDING, BUT
   17 00000000         ; NOT LIMITED TO, IMPLIED WARRANTIES OF MERCHANTABILITY 
                       AND FITNESS FOR
   18 00000000         ; A PARTICULAR PURPOSE APPLY TO THIS SOFTWARE. TI SHALL 
                       NOT, UNDER ANY
   19 00000000         ; CIRCUMSTANCES, BE LIABLE FOR SPECIAL, INCIDENTAL, OR C
                       ONSEQUENTIAL
   20 00000000         ; DAMAGES, FOR ANY REASON WHATSOEVER.
   21 00000000         ; 
   22 00000000         ; This is part of revision 7860 of the Stellaris Periphe
                       ral Driver Library.
   23 00000000         ;
   24 00000000         ; Author/Date: Franz Haunstetter / 09.09.13
   25 00000000         ; Comment:     Init system clock to 80 MHz using externa
                       l oscillator
   26 00000000         ;              SystemTickTimer interrupt handler address
                       
   27 00000000         ; Author/Date: Franz Haunstetter / 17.09.13
   28 00000000         ; Comment:     UART1 interrupt handler address
   29 00000000         ;
   30 00000000         ;*******************************************************
                       ***********************
   31 00000000         
   32 00000000         ;*******************************************************
                       ***********************
   33 00000000         ;
   34 00000000         ; <o> Stack Size (in Bytes) <0x0-0xFFFFFFFF:8>
   35 00000000         ;
   36 00000000         ;*******************************************************
                       ***********************
   37 00000000 00000100 
                       Stack   EQU              0x00000100
   38 00000000         
   39 00000000         ;*******************************************************
                       ***********************
   40 00000000         ;



ARM Macro Assembler    Page 2 


   41 00000000         ; <o> Heap Size (in Bytes) <0x0-0xFFFFFFFF:8>
   42 00000000         ;
   43 00000000         ;*******************************************************
                       ***********************
   44 00000000 00000000 
                       Heap    EQU              0x00000000
   45 00000000         
   46 00000000         ;*******************************************************
                       ***********************
   47 00000000         ;
   48 00000000         ; Allocate space for the stack.
   49 00000000         ;
   50 00000000         ;*******************************************************
                       ***********************
   51 00000000                 AREA             STACK, NOINIT, READWRITE, ALIGN
=3
   52 00000000         StackMem
   53 00000000                 SPACE            Stack
   54 00000100         __initial_sp
   55 00000100         
   56 00000100         ;*******************************************************
                       ***********************
   57 00000100         ;
   58 00000100         ; Allocate space for the heap.
   59 00000100         ;
   60 00000100         ;*******************************************************
                       ***********************
   61 00000100                 AREA             HEAP, NOINIT, READWRITE, ALIGN=
3
   62 00000000         __heap_base
   63 00000000         HeapMem
   64 00000000                 SPACE            Heap
   65 00000000         __heap_limit
   66 00000000         
   67 00000000         ;*******************************************************
                       ***********************
   68 00000000         ;
   69 00000000         ; Indicate that the code in this file preserves 8-byte a
                       lignment of the stack.
   70 00000000         ;
   71 00000000         ;*******************************************************
                       ***********************
   72 00000000                 PRESERVE8
   73 00000000         
   74 00000000         ;*******************************************************
                       ***********************
   75 00000000         ;
   76 00000000         ; Place code into the reset code section.
   77 00000000         ;
   78 00000000         ;*******************************************************
                       ***********************
   79 00000000                 AREA             RESET, CODE, READONLY
   80 00000000                 THUMB
   81 00000000         
   82 00000000         ;*******************************************************
                       ***********************
   83 00000000         ;
   84 00000000         ; The vector table.
   85 00000000         ;



ARM Macro Assembler    Page 3 


   86 00000000         ;*******************************************************
                       ***********************
   87 00000000                 EXPORT           __Vectors
   88 00000000                 IMPORT           SysTickISR  ; #fhau: from Appli
                                                            cation
   89 00000000                 IMPORT           RxISR       ; #fhau: from Appli
                                                            cation
   90 00000000         __Vectors
   91 00000000 00000100        DCD              StackMem + Stack ; Top of Stack
                                                            
   92 00000004 00000000        DCD              Reset_Handler ; Reset Handler
   93 00000008 00000000        DCD              NmiSR       ; NMI Handler
   94 0000000C 00000000        DCD              FaultISR    ; Hard Fault Handle
                                                            r
   95 00000010 00000000        DCD              IntDefaultHandler 
                                                            ; MPU Fault Handler
                                                            
   96 00000014 00000000        DCD              IntDefaultHandler 
                                                            ; Bus Fault Handler
                                                            
   97 00000018 00000000        DCD              IntDefaultHandler ; Usage Fault
                                                             Handler
   98 0000001C 00000000        DCD              0           ; Reserved
   99 00000020 00000000        DCD              0           ; Reserved
  100 00000024 00000000        DCD              0           ; Reserved
  101 00000028 00000000        DCD              0           ; Reserved
  102 0000002C 00000000        DCD              IntDefaultHandler 
                                                            ; SVCall handler
  103 00000030 00000000        DCD              IntDefaultHandler ; Debug monit
                                                            or handler
  104 00000034 00000000        DCD              0           ; Reserved
  105 00000038 00000000        DCD              IntDefaultHandler 
                                                            ; PendSV Handler
  106 0000003C 00000000        DCD              SysTickISR  ; #fhau: SysTick Ha
                                                            ndler
  107 00000040 00000000        DCD              IntDefaultHandler ; GPIO Port A
                                                            
  108 00000044 00000000        DCD              IntDefaultHandler ; GPIO Port B
                                                            
  109 00000048 00000000        DCD              IntDefaultHandler ; GPIO Port C
                                                            
  110 0000004C 00000000        DCD              IntDefaultHandler ; GPIO Port D
                                                            
  111 00000050 00000000        DCD              IntDefaultHandler ; GPIO Port E
                                                            
  112 00000054 00000000        DCD              IntDefaultHandler 
                                                            ; UART0 Rx and Tx
  113 00000058 00000000        DCD              RxISR       ; #fhau: UART1 Rx a
                                                            nd Tx
  114 0000005C 00000000        DCD              IntDefaultHandler 
                                                            ; SSI0 Rx and Tx
  115 00000060 00000000        DCD              IntDefaultHandler ; I2C0 Master
                                                             and Slave
  116 00000064 00000000        DCD              IntDefaultHandler ; PWM Fault
  117 00000068 00000000        DCD              IntDefaultHandler 
                                                            ; PWM Generator 0
  118 0000006C 00000000        DCD              IntDefaultHandler 
                                                            ; PWM Generator 1
  119 00000070 00000000        DCD              IntDefaultHandler 



ARM Macro Assembler    Page 4 


                                                            ; PWM Generator 2
  120 00000074 00000000        DCD              IntDefaultHandler ; Quadrature 
                                                            Encoder 0
  121 00000078 00000000        DCD              IntDefaultHandler 
                                                            ; ADC Sequence 0
  122 0000007C 00000000        DCD              IntDefaultHandler 
                                                            ; ADC Sequence 1
  123 00000080 00000000        DCD              IntDefaultHandler 
                                                            ; ADC Sequence 2
  124 00000084 00000000        DCD              IntDefaultHandler 
                                                            ; ADC Sequence 3
  125 00000088 00000000        DCD              IntDefaultHandler 
                                                            ; Watchdog timer
  126 0000008C 00000000        DCD              IntDefaultHandler ; Timer 0 sub
                                                            timer A
  127 00000090 00000000        DCD              IntDefaultHandler ; Timer 0 sub
                                                            timer B
  128 00000094 00000000        DCD              IntDefaultHandler ; Timer 1 sub
                                                            timer A
  129 00000098 00000000        DCD              IntDefaultHandler ; Timer 1 sub
                                                            timer B
  130 0000009C 00000000        DCD              IntDefaultHandler ; Timer 2 sub
                                                            timer A
  131 000000A0 00000000        DCD              IntDefaultHandler ; Timer 2 sub
                                                            timer B
  132 000000A4 00000000        DCD              IntDefaultHandler ; Analog Comp
                                                            arator 0
  133 000000A8 00000000        DCD              IntDefaultHandler ; Analog Comp
                                                            arator 1
  134 000000AC 00000000        DCD              IntDefaultHandler ; Analog Comp
                                                            arator 2
  135 000000B0 00000000        DCD              IntDefaultHandler ; System Cont
                                                            rol (PLL, OSC, BO)
  136 000000B4 00000000        DCD              IntDefaultHandler 
                                                            ; FLASH Control
  137 000000B8 00000000        DCD              IntDefaultHandler ; GPIO Port F
                                                            
  138 000000BC 00000000        DCD              IntDefaultHandler ; GPIO Port G
                                                            
  139 000000C0 00000000        DCD              IntDefaultHandler ; GPIO Port H
                                                            
  140 000000C4 00000000        DCD              IntDefaultHandler 
                                                            ; UART2 Rx and Tx
  141 000000C8 00000000        DCD              IntDefaultHandler 
                                                            ; SSI1 Rx and Tx
  142 000000CC 00000000        DCD              IntDefaultHandler ; Timer 3 sub
                                                            timer A
  143 000000D0 00000000        DCD              IntDefaultHandler ; Timer 3 sub
                                                            timer B
  144 000000D4 00000000        DCD              IntDefaultHandler ; I2C1 Master
                                                             and Slave
  145 000000D8 00000000        DCD              IntDefaultHandler ; Quadrature 
                                                            Encoder 1
  146 000000DC 00000000        DCD              IntDefaultHandler ; CAN0
  147 000000E0 00000000        DCD              IntDefaultHandler ; CAN1
  148 000000E4 00000000        DCD              IntDefaultHandler ; CAN2
  149 000000E8 00000000        DCD              IntDefaultHandler ; Ethernet
  150 000000EC 00000000        DCD              IntDefaultHandler ; Hibernate
  151 000000F0 00000000        DCD              IntDefaultHandler ; USB0



ARM Macro Assembler    Page 5 


  152 000000F4 00000000        DCD              IntDefaultHandler 
                                                            ; PWM Generator 3
  153 000000F8 00000000        DCD              IntDefaultHandler ; uDMA Softwa
                                                            re Transfer
  154 000000FC 00000000        DCD              IntDefaultHandler ; uDMA Error
  155 00000100 00000000        DCD              IntDefaultHandler 
                                                            ; ADC1 Sequence 0
  156 00000104 00000000        DCD              IntDefaultHandler 
                                                            ; ADC1 Sequence 1
  157 00000108 00000000        DCD              IntDefaultHandler 
                                                            ; ADC1 Sequence 2
  158 0000010C 00000000        DCD              IntDefaultHandler 
                                                            ; ADC1 Sequence 3
  159 00000110 00000000        DCD              IntDefaultHandler ; I2S0
  160 00000114 00000000        DCD              IntDefaultHandler ; External Bu
                                                            s Interface 0
  161 00000118 00000000        DCD              IntDefaultHandler ; GPIO Port J
                                                            
  162 0000011C 00000000        DCD              IntDefaultHandler ; GPIO Port K
                                                            
  163 00000120 00000000        DCD              IntDefaultHandler ; GPIO Port L
                                                            
  164 00000124 00000000        DCD              IntDefaultHandler 
                                                            ; SSI2 Rx and Tx
  165 00000128 00000000        DCD              IntDefaultHandler 
                                                            ; SSI3 Rx and Tx
  166 0000012C 00000000        DCD              IntDefaultHandler 
                                                            ; UART3 Rx and Tx
  167 00000130 00000000        DCD              IntDefaultHandler 
                                                            ; UART4 Rx and Tx
  168 00000134 00000000        DCD              IntDefaultHandler 
                                                            ; UART5 Rx and Tx
  169 00000138 00000000        DCD              IntDefaultHandler 
                                                            ; UART6 Rx and Tx
  170 0000013C 00000000        DCD              IntDefaultHandler 
                                                            ; UART7 Rx and Tx
  171 00000140 00000000        DCD              0           ; Reserved
  172 00000144 00000000        DCD              0           ; Reserved
  173 00000148 00000000        DCD              0           ; Reserved
  174 0000014C 00000000        DCD              0           ; Reserved
  175 00000150 00000000        DCD              IntDefaultHandler ; I2C2 Master
                                                             and Slave
  176 00000154 00000000        DCD              IntDefaultHandler ; I2C3 Master
                                                             and Slave
  177 00000158 00000000        DCD              IntDefaultHandler ; Timer 4 sub
                                                            timer A
  178 0000015C 00000000        DCD              IntDefaultHandler ; Timer 4 sub
                                                            timer B
  179 00000160 00000000        DCD              0           ; Reserved
  180 00000164 00000000        DCD              0           ; Reserved
  181 00000168 00000000        DCD              0           ; Reserved
  182 0000016C 00000000        DCD              0           ; Reserved
  183 00000170 00000000        DCD              0           ; Reserved
  184 00000174 00000000        DCD              0           ; Reserved
  185 00000178 00000000        DCD              0           ; Reserved
  186 0000017C 00000000        DCD              0           ; Reserved
  187 00000180 00000000        DCD              0           ; Reserved
  188 00000184 00000000        DCD              0           ; Reserved
  189 00000188 00000000        DCD              0           ; Reserved



ARM Macro Assembler    Page 6 


  190 0000018C 00000000        DCD              0           ; Reserved
  191 00000190 00000000        DCD              0           ; Reserved
  192 00000194 00000000        DCD              0           ; Reserved
  193 00000198 00000000        DCD              0           ; Reserved
  194 0000019C 00000000        DCD              0           ; Reserved
  195 000001A0 00000000        DCD              0           ; Reserved
  196 000001A4 00000000        DCD              0           ; Reserved
  197 000001A8 00000000        DCD              0           ; Reserved
  198 000001AC 00000000        DCD              0           ; Reserved
  199 000001B0 00000000        DCD              IntDefaultHandler ; Timer 5 sub
                                                            timer A
  200 000001B4 00000000        DCD              IntDefaultHandler ; Timer 5 sub
                                                            timer B
  201 000001B8 00000000        DCD              IntDefaultHandler ; Wide Timer 
                                                            0 subtimer A
  202 000001BC 00000000        DCD              IntDefaultHandler ; Wide Timer 
                                                            0 subtimer B
  203 000001C0 00000000        DCD              IntDefaultHandler ; Wide Timer 
                                                            1 subtimer A
  204 000001C4 00000000        DCD              IntDefaultHandler ; Wide Timer 
                                                            1 subtimer B
  205 000001C8 00000000        DCD              IntDefaultHandler ; Wide Timer 
                                                            2 subtimer A
  206 000001CC 00000000        DCD              IntDefaultHandler ; Wide Timer 
                                                            2 subtimer B
  207 000001D0 00000000        DCD              IntDefaultHandler ; Wide Timer 
                                                            3 subtimer A
  208 000001D4 00000000        DCD              IntDefaultHandler ; Wide Timer 
                                                            3 subtimer B
  209 000001D8 00000000        DCD              IntDefaultHandler ; Wide Timer 
                                                            4 subtimer A
  210 000001DC 00000000        DCD              IntDefaultHandler ; Wide Timer 
                                                            4 subtimer B
  211 000001E0 00000000        DCD              IntDefaultHandler ; Wide Timer 
                                                            5 subtimer A
  212 000001E4 00000000        DCD              IntDefaultHandler ; Wide Timer 
                                                            5 subtimer B
  213 000001E8 00000000        DCD              IntDefaultHandler ; FPU
  214 000001EC 00000000        DCD              IntDefaultHandler ; PECI 0
  215 000001F0 00000000        DCD              IntDefaultHandler ; LPC 0
  216 000001F4 00000000        DCD              IntDefaultHandler ; I2C4 Master
                                                             and Slave
  217 000001F8 00000000        DCD              IntDefaultHandler ; I2C5 Master
                                                             and Slave
  218 000001FC 00000000        DCD              IntDefaultHandler ; GPIO Port M
                                                            
  219 00000200 00000000        DCD              IntDefaultHandler ; GPIO Port N
                                                            
  220 00000204 00000000        DCD              IntDefaultHandler ; Quadrature 
                                                            Encoder 2
  221 00000208 00000000        DCD              IntDefaultHandler ; Fan 0
  222 0000020C 00000000        DCD              0           ; Reserved
  223 00000210 00000000        DCD              IntDefaultHandler ; GPIO Port P
                                                             (Summary or P0)
  224 00000214 00000000        DCD              IntDefaultHandler 
                                                            ; GPIO Port P1
  225 00000218 00000000        DCD              IntDefaultHandler 
                                                            ; GPIO Port P2
  226 0000021C 00000000        DCD              IntDefaultHandler 



ARM Macro Assembler    Page 7 


                                                            ; GPIO Port P3
  227 00000220 00000000        DCD              IntDefaultHandler 
                                                            ; GPIO Port P4
  228 00000224 00000000        DCD              IntDefaultHandler 
                                                            ; GPIO Port P5
  229 00000228 00000000        DCD              IntDefaultHandler 
                                                            ; GPIO Port P6
  230 0000022C 00000000        DCD              IntDefaultHandler 
                                                            ; GPIO Port P7
  231 00000230 00000000        DCD              IntDefaultHandler ; GPIO Port Q
                                                             (Summary or Q0)
  232 00000234 00000000        DCD              IntDefaultHandler 
                                                            ; GPIO Port Q1
  233 00000238 00000000        DCD              IntDefaultHandler 
                                                            ; GPIO Port Q2
  234 0000023C 00000000        DCD              IntDefaultHandler 
                                                            ; GPIO Port Q3
  235 00000240 00000000        DCD              IntDefaultHandler 
                                                            ; GPIO Port Q4
  236 00000244 00000000        DCD              IntDefaultHandler 
                                                            ; GPIO Port Q5
  237 00000248 00000000        DCD              IntDefaultHandler 
                                                            ; GPIO Port Q6
  238 0000024C 00000000        DCD              IntDefaultHandler 
                                                            ; GPIO Port Q7
  239 00000250 00000000        DCD              IntDefaultHandler ; GPIO Port R
                                                            
  240 00000254 00000000        DCD              IntDefaultHandler ; GPIO Port S
                                                            
  241 00000258 00000000        DCD              IntDefaultHandler 
                                                            ; PWM 1 Generator 0
                                                            
  242 0000025C 00000000        DCD              IntDefaultHandler 
                                                            ; PWM 1 Generator 1
                                                            
  243 00000260 00000000        DCD              IntDefaultHandler 
                                                            ; PWM 1 Generator 2
                                                            
  244 00000264 00000000        DCD              IntDefaultHandler 
                                                            ; PWM 1 Generator 3
                                                            
  245 00000268 00000000        DCD              IntDefaultHandler ; PWM 1 Fault
                                                            
  246 0000026C         
  247 0000026C         ;*******************************************************
                       ***********************
  248 0000026C         ;
  249 0000026C         ; This is the code that gets called when the processor f
                       irst starts execution
  250 0000026C         ; following a reset event.
  251 0000026C         ;
  252 0000026C         ;*******************************************************
                       ***********************
  253 0000026C                 EXPORT           Reset_Handler
  254 0000026C         Reset_Handler
  255 0000026C         ;
  256 0000026C         ; Call the C library enty point that handles startup.  T
                       his will copy
  257 0000026C         ; the .data section initializers from flash to SRAM and 



ARM Macro Assembler    Page 8 


                       zero fill the
  258 0000026C         ; .bss section.
  259 0000026C         ;
  260 0000026C                 IMPORT           __main
  261 0000026C                 IMPORT           SetClockXTAL
  262 0000026C         
  263 0000026C                 IF               {CPU} = "Cortex-M4.fp"
  268                          ENDIF
  269 0000026C         
  270 0000026C F7FF FFFE       BL               SetClockXTAL ; #fhau: change cl
                                                            ock to external
  271 00000270 F7FF BFFE       B                __main
  272 00000274         
  273 00000274         ;*******************************************************
                       ***********************
  274 00000274         ;
  275 00000274         ; This is the code that gets called when the processor r
                       eceives a NMI.  This
  276 00000274         ; simply enters an infinite loop, preserving the system 
                       state for examination
  277 00000274         ; by a debugger.
  278 00000274         ;
  279 00000274         ;*******************************************************
                       ***********************
  280 00000274         NmiSR
  281 00000274 E7FE            B                NmiSR
  282 00000276         
  283 00000276         ;*******************************************************
                       ***********************
  284 00000276         ;
  285 00000276         ; This is the code that gets called when the processor r
                       eceives a fault
  286 00000276         ; interrupt.  This simply enters an infinite loop, prese
                       rving the system state
  287 00000276         ; for examination by a debugger.
  288 00000276         ;
  289 00000276         ;*******************************************************
                       ***********************
  290 00000276         FaultISR
  291 00000276 E7FE            B                FaultISR
  292 00000278         
  293 00000278         ;*******************************************************
                       ***********************
  294 00000278         ;
  295 00000278         ; This is the code that gets called when the processor r
                       eceives an unexpected
  296 00000278         ; interrupt.  This simply enters an infinite loop, prese
                       rving the system state
  297 00000278         ; for examination by a debugger.
  298 00000278         ;
  299 00000278         ;*******************************************************
                       ***********************
  300 00000278         IntDefaultHandler
  301 00000278 E7FE            B                IntDefaultHandler
  302 0000027A         
  303 0000027A         ;*******************************************************
                       ***********************
  304 0000027A         ;
  305 0000027A         ; Make sure the end of this section is aligned.



ARM Macro Assembler    Page 9 


  306 0000027A         ;
  307 0000027A         ;*******************************************************
                       ***********************
  308 0000027A 00 00           ALIGN
  309 0000027C         
  310 0000027C         ;*******************************************************
                       ***********************
  311 0000027C         ;
  312 0000027C         ; Some code in the normal code section for initializing 
                       the heap and stack.
  313 0000027C         ;
  314 0000027C         ;*******************************************************
                       ***********************
  315 0000027C                 AREA             |.text|, CODE, READONLY
  316 00000000         
  317 00000000         ;*******************************************************
                       ***********************
  318 00000000         ;
  319 00000000         ; The function expected of the C library startup code fo
                       r defining the stack
  320 00000000         ; and heap memory locations.  For the C library version 
                       of the startup code,
  321 00000000         ; provide this function so that the C library initializa
                       tion code can find out
  322 00000000         ; the location of the stack and heap.
  323 00000000         ;
  324 00000000         ;*******************************************************
                       ***********************
  325 00000000                 IF               :DEF: __MICROLIB
  330 00000000                 IMPORT           __use_two_region_memory
  331 00000000                 EXPORT           __user_initial_stackheap
  332 00000000         __user_initial_stackheap
  333 00000000 4802            LDR              R0, =HeapMem
  334 00000002 4903            LDR              R1, =(StackMem + Stack)
  335 00000004 4A01            LDR              R2, =(HeapMem + Heap)
  336 00000006 4B03            LDR              R3, =StackMem
  337 00000008 4770            BX               LR
  338 0000000A                 ENDIF
  339 0000000A         
  340 0000000A         ;*******************************************************
                       ***********************
  341 0000000A         ;
  342 0000000A         ; Make sure the end of this section is aligned.
  343 0000000A         ;
  344 0000000A         ;*******************************************************
                       ***********************
  345 0000000A 00 00           ALIGN
  346 0000000C         
  347 0000000C         ;*******************************************************
                       ***********************
  348 0000000C         ;
  349 0000000C         ; Tell the assembler that we're done.
  350 0000000C         ;
  351 0000000C         ;*******************************************************
                       ***********************
  352 0000000C                 END
              00000000 
              00000100 
              00000000 



ARM Macro Assembler    Page 10 


Command Line: --debug --xref --cpu=Cortex-M3 --apcs=interwork --depend=..\obj\s
tartup.d -o..\obj\startup.o -IC:\Keil\ARM\RV31\INC -IC:\Keil\ARM\CMSIS\Include 
-IC:\Keil\ARM\Inc\Luminary --predefine="__EVAL SETA 1" --list=..\doc\startup.ls
t ..\Startup.s



ARM Macro Assembler    Page 1 Alphabetic symbol ordering
Relocatable symbols

STACK 00000000

Symbol: STACK
   Definitions
      At line 51 in file ..\Startup.s
   Uses
      None
Comment: STACK unused
StackMem 00000000

Symbol: StackMem
   Definitions
      At line 52 in file ..\Startup.s
   Uses
      At line 91 in file ..\Startup.s
      At line 334 in file ..\Startup.s
      At line 336 in file ..\Startup.s

__initial_sp 00000100

Symbol: __initial_sp
   Definitions
      At line 54 in file ..\Startup.s
   Uses
      None
Comment: __initial_sp unused
3 symbols



ARM Macro Assembler    Page 1 Alphabetic symbol ordering
Relocatable symbols

HEAP 00000000

Symbol: HEAP
   Definitions
      At line 61 in file ..\Startup.s
   Uses
      None
Comment: HEAP unused
HeapMem 00000000

Symbol: HeapMem
   Definitions
      At line 63 in file ..\Startup.s
   Uses
      At line 333 in file ..\Startup.s
      At line 335 in file ..\Startup.s

__heap_base 00000000

Symbol: __heap_base
   Definitions
      At line 62 in file ..\Startup.s
   Uses
      None
Comment: __heap_base unused
__heap_limit 00000000

Symbol: __heap_limit
   Definitions
      At line 65 in file ..\Startup.s
   Uses
      None
Comment: __heap_limit unused
4 symbols



ARM Macro Assembler    Page 1 Alphabetic symbol ordering
Relocatable symbols

FaultISR 00000276

Symbol: FaultISR
   Definitions
      At line 290 in file ..\Startup.s
   Uses
      At line 94 in file ..\Startup.s
      At line 291 in file ..\Startup.s

IntDefaultHandler 00000278

Symbol: IntDefaultHandler
   Definitions
      At line 300 in file ..\Startup.s
   Uses
      At line 95 in file ..\Startup.s
      At line 96 in file ..\Startup.s
      At line 97 in file ..\Startup.s
      At line 102 in file ..\Startup.s
      At line 103 in file ..\Startup.s
      At line 105 in file ..\Startup.s
      At line 107 in file ..\Startup.s
      At line 108 in file ..\Startup.s
      At line 109 in file ..\Startup.s
      At line 110 in file ..\Startup.s
      At line 111 in file ..\Startup.s
      At line 112 in file ..\Startup.s
      At line 114 in file ..\Startup.s
      At line 115 in file ..\Startup.s
      At line 116 in file ..\Startup.s
      At line 117 in file ..\Startup.s
      At line 118 in file ..\Startup.s
      At line 119 in file ..\Startup.s
      At line 120 in file ..\Startup.s
      At line 121 in file ..\Startup.s
      At line 122 in file ..\Startup.s
      At line 123 in file ..\Startup.s
      At line 124 in file ..\Startup.s
      At line 125 in file ..\Startup.s
      At line 126 in file ..\Startup.s
      At line 127 in file ..\Startup.s
      At line 128 in file ..\Startup.s
      At line 129 in file ..\Startup.s
      At line 130 in file ..\Startup.s
      At line 131 in file ..\Startup.s
      At line 132 in file ..\Startup.s
      At line 133 in file ..\Startup.s
      At line 134 in file ..\Startup.s
      At line 135 in file ..\Startup.s
      At line 136 in file ..\Startup.s
      At line 137 in file ..\Startup.s
      At line 138 in file ..\Startup.s
      At line 139 in file ..\Startup.s
      At line 140 in file ..\Startup.s
      At line 141 in file ..\Startup.s
      At line 142 in file ..\Startup.s
      At line 143 in file ..\Startup.s
      At line 144 in file ..\Startup.s
      At line 145 in file ..\Startup.s



ARM Macro Assembler    Page 2 Alphabetic symbol ordering
Relocatable symbols

      At line 146 in file ..\Startup.s
      At line 147 in file ..\Startup.s
      At line 148 in file ..\Startup.s
      At line 149 in file ..\Startup.s
      At line 150 in file ..\Startup.s
      At line 151 in file ..\Startup.s
      At line 152 in file ..\Startup.s
      At line 153 in file ..\Startup.s
      At line 154 in file ..\Startup.s
      At line 155 in file ..\Startup.s
      At line 156 in file ..\Startup.s
      At line 157 in file ..\Startup.s
      At line 158 in file ..\Startup.s
      At line 159 in file ..\Startup.s
      At line 160 in file ..\Startup.s
      At line 161 in file ..\Startup.s
      At line 162 in file ..\Startup.s
      At line 163 in file ..\Startup.s
      At line 164 in file ..\Startup.s
      At line 165 in file ..\Startup.s
      At line 166 in file ..\Startup.s
      At line 167 in file ..\Startup.s
      At line 168 in file ..\Startup.s
      At line 169 in file ..\Startup.s
      At line 170 in file ..\Startup.s
      At line 175 in file ..\Startup.s
      At line 176 in file ..\Startup.s
      At line 177 in file ..\Startup.s
      At line 178 in file ..\Startup.s
      At line 199 in file ..\Startup.s
      At line 200 in file ..\Startup.s
      At line 201 in file ..\Startup.s
      At line 202 in file ..\Startup.s
      At line 203 in file ..\Startup.s
      At line 204 in file ..\Startup.s
      At line 205 in file ..\Startup.s
      At line 206 in file ..\Startup.s
      At line 207 in file ..\Startup.s
      At line 208 in file ..\Startup.s
      At line 209 in file ..\Startup.s
      At line 210 in file ..\Startup.s
      At line 211 in file ..\Startup.s
      At line 212 in file ..\Startup.s
      At line 213 in file ..\Startup.s
      At line 214 in file ..\Startup.s
      At line 215 in file ..\Startup.s
      At line 216 in file ..\Startup.s
      At line 217 in file ..\Startup.s
      At line 218 in file ..\Startup.s
      At line 219 in file ..\Startup.s
      At line 220 in file ..\Startup.s
      At line 221 in file ..\Startup.s
      At line 223 in file ..\Startup.s
      At line 224 in file ..\Startup.s
      At line 225 in file ..\Startup.s
      At line 226 in file ..\Startup.s
      At line 227 in file ..\Startup.s
      At line 228 in file ..\Startup.s
      At line 229 in file ..\Startup.s



ARM Macro Assembler    Page 3 Alphabetic symbol ordering
Relocatable symbols

      At line 230 in file ..\Startup.s
      At line 231 in file ..\Startup.s
      At line 232 in file ..\Startup.s
      At line 233 in file ..\Startup.s
      At line 234 in file ..\Startup.s
      At line 235 in file ..\Startup.s
      At line 236 in file ..\Startup.s
      At line 237 in file ..\Startup.s
      At line 238 in file ..\Startup.s
      At line 239 in file ..\Startup.s
      At line 240 in file ..\Startup.s
      At line 241 in file ..\Startup.s
      At line 242 in file ..\Startup.s
      At line 243 in file ..\Startup.s
      At line 244 in file ..\Startup.s
      At line 245 in file ..\Startup.s
      At line 301 in file ..\Startup.s

NmiSR 00000274

Symbol: NmiSR
   Definitions
      At line 280 in file ..\Startup.s
   Uses
      At line 93 in file ..\Startup.s
      At line 281 in file ..\Startup.s

RESET 00000000

Symbol: RESET
   Definitions
      At line 79 in file ..\Startup.s
   Uses
      None
Comment: RESET unused
Reset_Handler 0000026C

Symbol: Reset_Handler
   Definitions
      At line 254 in file ..\Startup.s
   Uses
      At line 92 in file ..\Startup.s
      At line 253 in file ..\Startup.s

__Vectors 00000000

Symbol: __Vectors
   Definitions
      At line 90 in file ..\Startup.s
   Uses
      At line 87 in file ..\Startup.s
Comment: __Vectors used once
6 symbols



ARM Macro Assembler    Page 1 Alphabetic symbol ordering
Relocatable symbols

.text 00000000

Symbol: .text
   Definitions
      At line 315 in file ..\Startup.s
   Uses
      None
Comment: .text unused
__user_initial_stackheap 00000000

Symbol: __user_initial_stackheap
   Definitions
      At line 332 in file ..\Startup.s
   Uses
      At line 331 in file ..\Startup.s
Comment: __user_initial_stackheap used once
2 symbols



ARM Macro Assembler    Page 1 Alphabetic symbol ordering
Absolute symbols

Heap 00000000

Symbol: Heap
   Definitions
      At line 44 in file ..\Startup.s
   Uses
      At line 64 in file ..\Startup.s
      At line 335 in file ..\Startup.s

Stack 00000100

Symbol: Stack
   Definitions
      At line 37 in file ..\Startup.s
   Uses
      At line 53 in file ..\Startup.s
      At line 91 in file ..\Startup.s
      At line 334 in file ..\Startup.s

2 symbols



ARM Macro Assembler    Page 1 Alphabetic symbol ordering
External symbols

RxISR 00000000

Symbol: RxISR
   Definitions
      At line 89 in file ..\Startup.s
   Uses
      At line 113 in file ..\Startup.s
Comment: RxISR used once
SetClockXTAL 00000000

Symbol: SetClockXTAL
   Definitions
      At line 261 in file ..\Startup.s
   Uses
      At line 270 in file ..\Startup.s
Comment: SetClockXTAL used once
SysTickISR 00000000

Symbol: SysTickISR
   Definitions
      At line 88 in file ..\Startup.s
   Uses
      At line 106 in file ..\Startup.s
Comment: SysTickISR used once
__main 00000000

Symbol: __main
   Definitions
      At line 260 in file ..\Startup.s
   Uses
      At line 271 in file ..\Startup.s
Comment: __main used once
__use_two_region_memory 00000000

Symbol: __use_two_region_memory
   Definitions
      At line 330 in file ..\Startup.s
   Uses
      None
Comment: __use_two_region_memory unused
5 symbols
357 symbols in table
